

Version:	3.50
CmdLine:	C:\Projetos\simulador-financiamento-imobiliario\simuladorFinanciamento.exe --l4j-debug
JNI:		No
WOW64:		Yes
Working dir:	C:\Projetos\simulador-financiamento-imobiliario\.
Requires JDK:	No
Requires 64-Bit: No
Java min ver:	
Java max ver:	
JRE paths:	C:\Program Files\Common Files\Oracle\Java\javapath
Check launcher:	C:\Program Files\Common Files\Oracle\Java\javapath\bin\javaw.exe (not found)
Error msg:	This application requires a Java Runtime Environment.


Version:	3.50
CmdLine:	C:\Projetos\simulador-financiamento-imobiliario\simuladorFinanciamento.exe --l4j-debug
JNI:		No
WOW64:		Yes
Working dir:	C:\Projetos\simulador-financiamento-imobiliario\.
Requires JDK:	No
Requires 64-Bit: No
Java min ver:	
Java max ver:	
JRE paths:	C:\Program Files\Java\jdk-11
Check launcher:	C:\Program Files\Java\jdk-11\bin\javaw.exe (OK)
Version string: 1.011.000_025 / 64-Bit (OK)
Main class:	simulador.financiamento.MainSwing
Info:		Classpath not defined.
Launcher:	C:\Program Files\Java\jdk-11\bin\javaw.exe
Launcher args:	-classpath "C:\Projetos\simulador-financiamento-imobiliario\simuladorFinanciamento.exe" simulador.financiamento.MainSwing
Args length:	121/32768 chars
Exit code:	0
